# JRE version: OpenJDK Runtime Environment (17.0.11) (build 17.0.11+0--11852314)
# Java VM: OpenJDK 64-Bit Server VM (17.0.11+0--11852314, mixed mode, tiered, compressed oops, compressed class ptrs, g1 gc, windows-amd64)
GC Precious Log:
 CPUs: 24 total, 24 available
 Memory: 32473M
 Large Page Support: Disabled
 NUMA Support: Disabled
 Compressed Oops: Enabled (32-bit)
 Heap Region Size: 1M
 Heap Min Capacity: 8M
 Heap Initial Capacity: 508M
 Heap Max Capacity: 2G
 Pre-touch: Disabled
 Parallel Workers: 18
 Concurrent Workers: 5
 Concurrent Refinement Workers: 18
 Periodic GC: Disabled
Heap:
 garbage-first heap   total 189440K, used 109596K [0x0000000080000000, 0x0000000100000000)
  region size 1024K, 7 young (7168K), 3 survivors (3072K)
 Metaspace       used 101292K, committed 102144K, reserved 1179648K
  class space    used 13862K, committed 14272K, reserved 1048576K
GC Heap History (20 events):
Event: 3.050 GC heap before
{Heap before GC invocations=12 (full 0):
 garbage-first heap   total 295936K, used 212314K [0x0000000080000000, 0x0000000100000000)
  region size 1024K, 172 young (176128K), 4 survivors (4096K)
 Metaspace       used 59740K, committed 60288K, reserved 1114112K
  class space    used 8131K, committed 8384K, reserved 1048576K
}
Event: 3.055 GC heap after
{Heap after GC invocations=13 (full 0):
 garbage-first heap   total 295936K, used 51850K [0x0000000080000000, 0x0000000100000000)
  region size 1024K, 17 young (17408K), 17 survivors (17408K)
 Metaspace       used 59740K, committed 60288K, reserved 1114112K
  class space    used 8131K, committed 8384K, reserved 1048576K
}
Event: 3.431 GC heap before
{Heap before GC invocations=14 (full 0):
 garbage-first heap   total 184320K, used 150154K [0x0000000080000000, 0x0000000100000000)
  region size 1024K, 108 young (110592K), 17 survivors (17408K)
 Metaspace       used 68179K, committed 68800K, reserved 1114112K
  class space    used 9240K, committed 9536K, reserved 1048576K
}
Event: 3.436 GC heap after
{Heap after GC invocations=15 (full 0):
 garbage-first heap   total 184320K, used 58210K [0x0000000080000000, 0x0000000100000000)
  region size 1024K, 6 young (6144K), 6 survivors (6144K)
 Metaspace       used 68179K, committed 68800K, reserved 1114112K
  class space    used 9240K, committed 9536K, reserved 1048576K
}
Event: 3.768 GC heap before
{Heap before GC invocations=15 (full 0):
 garbage-first heap   total 184320K, used 143202K [0x0000000080000000, 0x0000000100000000)
  region size 1024K, 89 young (91136K), 6 survivors (6144K)
 Metaspace       used 75696K, committed 76352K, reserved 1179648K
  class space    used 10250K, committed 10560K, reserved 1048576K
}
Event: 3.770 GC heap after
{Heap after GC invocations=16 (full 0):
 garbage-first heap   total 184320K, used 62072K [0x0000000080000000, 0x0000000100000000)
  region size 1024K, 10 young (10240K), 10 survivors (10240K)
 Metaspace       used 75696K, committed 76352K, reserved 1179648K
  class space    used 10250K, committed 10560K, reserved 1048576K
}
Event: 4.096 GC heap before
{Heap before GC invocations=16 (full 0):
 garbage-first heap   total 184320K, used 145016K [0x0000000080000000, 0x0000000100000000)
  region size 1024K, 91 young (93184K), 10 survivors (10240K)
 Metaspace       used 81369K, committed 82048K, reserved 1179648K
  class space    used 11208K, committed 11520K, reserved 1048576K
}
Event: 4.099 GC heap after
{Heap after GC invocations=17 (full 0):
 garbage-first heap   total 184320K, used 64695K [0x0000000080000000, 0x0000000100000000)
  region size 1024K, 7 young (7168K), 7 survivors (7168K)
 Metaspace       used 81369K, committed 82048K, reserved 1179648K
  class space    used 11208K, committed 11520K, reserved 1048576K
}
Event: 4.464 GC heap before
{Heap before GC invocations=17 (full 0):
 garbage-first heap   total 184320K, used 148663K [0x0000000080000000, 0x0000000100000000)
  region size 1024K, 89 young (91136K), 7 survivors (7168K)
 Metaspace       used 87819K, committed 88512K, reserved 1179648K
  class space    used 12149K, committed 12480K, reserved 1048576K
}
Event: 4.468 GC heap after
{Heap after GC invocations=18 (full 0):
 garbage-first heap   total 184320K, used 68594K [0x0000000080000000, 0x0000000100000000)
  region size 1024K, 7 young (7168K), 7 survivors (7168K)
 Metaspace       used 87819K, committed 88512K, reserved 1179648K
  class space    used 12149K, committed 12480K, reserved 1048576K
}
Event: 4.912 GC heap before
{Heap before GC invocations=18 (full 0):
 garbage-first heap   total 184320K, used 148466K [0x0000000080000000, 0x0000000100000000)
  region size 1024K, 86 young (88064K), 7 survivors (7168K)
 Metaspace       used 94259K, committed 94976K, reserved 1179648K
  class space    used 13136K, committed 13504K, reserved 1048576K
}
Event: 4.915 GC heap after
{Heap after GC invocations=19 (full 0):
 garbage-first heap   total 184320K, used 74902K [0x0000000080000000, 0x0000000100000000)
  region size 1024K, 11 young (11264K), 11 survivors (11264K)
 Metaspace       used 94259K, committed 94976K, reserved 1179648K
  class space    used 13136K, committed 13504K, reserved 1048576K
}
Event: 5.249 GC heap before
{Heap before GC invocations=19 (full 0):
 garbage-first heap   total 184320K, used 154774K [0x0000000080000000, 0x0000000100000000)
  region size 1024K, 83 young (84992K), 11 survivors (11264K)
 Metaspace       used 97475K, committed 98240K, reserved 1179648K
  class space    used 13439K, committed 13824K, reserved 1048576K
}
Event: 5.254 GC heap after
{Heap after GC invocations=20 (full 0):
 garbage-first heap   total 186368K, used 92583K [0x0000000080000000, 0x0000000100000000)
  region size 1024K, 11 young (11264K), 11 survivors (11264K)
 Metaspace       used 97475K, committed 98240K, reserved 1179648K
  class space    used 13439K, committed 13824K, reserved 1048576K
}
Event: 5.407 GC heap before
{Heap before GC invocations=20 (full 0):
 garbage-first heap   total 186368K, used 119207K [0x0000000080000000, 0x0000000100000000)
  region size 1024K, 39 young (39936K), 11 survivors (11264K)
 Metaspace       used 98077K, committed 98752K, reserved 1179648K
  class space    used 13497K, committed 13824K, reserved 1048576K
}
Event: 5.410 GC heap after
{Heap after GC invocations=21 (full 0):
 garbage-first heap   total 186368K, used 102486K [0x0000000080000000, 0x0000000100000000)
  region size 1024K, 8 young (8192K), 8 survivors (8192K)
 Metaspace       used 98077K, committed 98752K, reserved 1179648K
  class space    used 13497K, committed 13824K, reserved 1048576K
}
Event: 5.599 GC heap before
{Heap before GC invocations=22 (full 0):
 garbage-first heap   total 189440K, used 152662K [0x0000000080000000, 0x0000000100000000)
  region size 1024K, 41 young (41984K), 8 survivors (8192K)
 Metaspace       used 100400K, committed 101184K, reserved 1179648K
  class space    used 13763K, committed 14144K, reserved 1048576K
}
Event: 5.601 GC heap after
{Heap after GC invocations=23 (full 0):
 garbage-first heap   total 189440K, used 104887K [0x0000000080000000, 0x0000000100000000)
  region size 1024K, 3 young (3072K), 3 survivors (3072K)
 Metaspace       used 100400K, committed 101184K, reserved 1179648K
  class space    used 13763K, committed 14144K, reserved 1048576K
}
Event: 5.627 GC heap before
{Heap before GC invocations=23 (full 0):
 garbage-first heap   total 189440K, used 110007K [0x0000000080000000, 0x0000000100000000)
  region size 1024K, 9 young (9216K), 3 survivors (3072K)
 Metaspace       used 100718K, committed 101504K, reserved 1179648K
  class space    used 13816K, committed 14208K, reserved 1048576K
}
Event: 5.628 GC heap after
{Heap after GC invocations=24 (full 0):
 garbage-first heap   total 189440K, used 104603K [0x0000000080000000, 0x0000000100000000)
  region size 1024K, 1 young (1024K), 1 survivors (1024K)
 Metaspace       used 100718K, committed 101504K, reserved 1179648K
  class space    used 13816K, committed 14208K, reserved 1048576K
}

